2016-04-26 10:31:33,208 [main] INFO  org.springframework.test.context.TestContextManager - @TestExecutionListeners is not present for class [class com.asiainfo.boss4.webservice.OnReportTestCase]: using defaults.
2016-04-26 10:31:33,497 [main] INFO  org.springframework.beans.factory.xml.XmlBeanDefinitionReader - Loading XML bean definitions from class path resource [applicationContext-report-service.xml]
2016-04-26 10:31:34,172 [main] INFO  org.springframework.beans.factory.xml.XmlBeanDefinitionReader - Loading XML bean definitions from class path resource [test-hibernate_report.xml]
2016-04-26 10:31:34,320 [main] INFO  org.springframework.context.support.GenericApplicationContext - Refreshing org.springframework.context.support.GenericApplicationContext@e229be: display name [org.springframework.context.support.GenericApplicationContext@e229be]; startup date [Tue Apr 26 10:31:34 CST 2016]; root of context hierarchy
2016-04-26 10:31:34,320 [main] INFO  org.springframework.context.support.GenericApplicationContext - Bean factory for application context [org.springframework.context.support.GenericApplicationContext@e229be]: org.springframework.beans.factory.support.DefaultListableBeanFactory@caafcc
2016-04-26 10:31:34,423 [main] INFO  org.springframework.beans.factory.config.PropertyPlaceholderConfigurer - Loading properties file from class path resource [test-jdbc.properties]
2016-04-26 10:31:34,526 [main] INFO  org.springframework.beans.factory.support.DefaultListableBeanFactory - Pre-instantiating singletons in org.springframework.beans.factory.support.DefaultListableBeanFactory@caafcc: defining beans [onReportServiceImpl,reportDispatch,reportBaseDao,service_20009,service_20002,service_20003,service_20101,service_20102,service_20103,service_20201,service_20202,service_20203,service_20204,service_20205,service_20206,service_20207,service_20208,propertyConfigurer,dataSource,sessionFactory,transactionManager,org.springframework.aop.config.internalAutoProxyCreator,org.springframework.aop.support.DefaultBeanFactoryPointcutAdvisor#0,txAdvice_report,org.springframework.context.annotation.internalPersistenceAnnotationProcessor,org.springframework.context.annotation.internalCommonAnnotationProcessor,org.springframework.context.annotation.internalAutowiredAnnotationProcessor,org.springframework.context.annotation.internalRequiredAnnotationProcessor]; root of factory hierarchy
2016-04-26 10:31:35,282 [main] INFO  org.springframework.orm.hibernate3.annotation.AnnotationSessionFactoryBean - Building new Hibernate SessionFactory
2016-04-26 10:31:52,071 [main] INFO  org.springframework.orm.hibernate3.HibernateTransactionManager - Using DataSource [com.asiainfo.boss4.dbcp.MyBasicDataSource@1e279a1] of Hibernate SessionFactory for HibernateTransactionManager
2016-04-26 10:31:52,350 [main] DEBUG org.springframework.orm.hibernate3.HibernateTransactionManager - Creating new transaction with name [testReoprt]: PROPAGATION_REQUIRED,ISOLATION_DEFAULT
2016-04-26 10:31:52,444 [main] DEBUG org.springframework.orm.hibernate3.HibernateTransactionManager - Opened new Session [org.hibernate.impl.SessionImpl@1f5784f] for Hibernate transaction
2016-04-26 10:31:52,450 [main] DEBUG org.springframework.orm.hibernate3.HibernateTransactionManager - Preparing JDBC Connection of Hibernate Session [org.hibernate.impl.SessionImpl@1f5784f]
2016-04-26 10:31:52,488 [main] DEBUG org.springframework.orm.hibernate3.HibernateTransactionManager - Exposing Hibernate transaction as JDBC transaction [jdbc:oracle:thin:@10.7.5.164:1521:ngtst02, UserName=ZG, Oracle JDBC driver]
2016-04-26 10:31:52,491 [main] INFO  org.springframework.test.context.transaction.TransactionalTestExecutionListener - Began transaction (1): transaction manager [org.springframework.orm.hibernate3.HibernateTransactionManager@439a1f]; rollback [false]
2016-04-26 10:31:52,524 [main] INFO  com.asiainfo.report.webservice.OnReportServiceImpl - 传入XML=><?xml version="1.0" encoding="UTF-8"?>
<root>
	<item>
		<tranCode>20202</tranCode>
		<eaiOrderId></eaiOrderId>
		<eaiTradeId></eaiTradeId>
		<eaiOperator></eaiOperator>
		<eaiPassword></eaiPassword>
		<hallNos>
			<hallNo>10002106</hallNo>
			<hallName>????????</hallName>
		</hallNos>
		<hallNos>
			<hallNo>10002794</hallNo>
			<hallName>?????????</hallName>
		</hallNos>
		<startDate>20160424</startDate>
		<endDate>20160424</endDate>
	</item>
</root>

2016-04-26 10:31:52,541 [main] DEBUG org.springframework.orm.hibernate3.HibernateTransactionManager - Found thread-bound Session [org.hibernate.impl.SessionImpl@1f5784f] for Hibernate transaction
2016-04-26 10:31:52,541 [main] DEBUG org.springframework.orm.hibernate3.HibernateTransactionManager - Participating in existing transaction
2016-04-26 10:31:52,978 [main] DEBUG org.hibernate.type.StringType - binding '20160424' to parameter: 2
2016-04-26 10:31:52,979 [main] DEBUG org.hibernate.type.StringType - binding '20160424' to parameter: 1
2016-04-26 10:31:53,088 [main] INFO  com.asiainfo.report.webservice.OnReportServiceImpl - 响应XML=> <?xml version="1.0" encoding="UTF-8"?>
<AccountReply>
<item>
<eaiOrderId></eaiOrderId>
<eaiTradeId></eaiTradeId>
<eaiOperator></eaiOperator>
<eaiPassword></eaiPassword>
<returnCode>0</returnCode>
<codeDesc></codeDesc>
<dailyStatisticHall>
<subjectGroupNo>TOTAL</subjectGroupNo>
<subjectGroupName>合计项</subjectGroupName>
<shouldreceiveCount>0</shouldreceiveCount>
<shouldreceiveAmount>0</shouldreceiveAmount>
<receivedCount>0</receivedCount>
<receivedAmount>0</receivedAmount>
</dailyStatisticHall>
</item>
</AccountReply>

2016-04-26 10:31:53,089 [main] INFO  com.asiainfo.report.webservice.OnReportServiceImpl - WebService请求处理完成
2016-04-26 10:31:53,092 [main] DEBUG org.springframework.orm.hibernate3.HibernateTransactionManager - Triggering beforeCommit synchronization
2016-04-26 10:31:53,093 [main] DEBUG org.springframework.orm.hibernate3.HibernateTransactionManager - Triggering beforeCompletion synchronization
2016-04-26 10:31:53,093 [main] DEBUG org.springframework.orm.hibernate3.HibernateTransactionManager - Initiating transaction commit
2016-04-26 10:31:53,093 [main] DEBUG org.springframework.orm.hibernate3.HibernateTransactionManager - Committing Hibernate transaction on Session [org.hibernate.impl.SessionImpl@1f5784f]
2016-04-26 10:31:53,098 [main] DEBUG org.springframework.orm.hibernate3.HibernateTransactionManager - Triggering afterCommit synchronization
2016-04-26 10:31:53,099 [main] DEBUG org.springframework.orm.hibernate3.HibernateTransactionManager - Triggering afterCompletion synchronization
2016-04-26 10:31:53,100 [main] DEBUG org.springframework.orm.hibernate3.HibernateTransactionManager - Closing Hibernate Session [org.hibernate.impl.SessionImpl@1f5784f] after transaction
2016-04-26 10:31:53,109 [main] INFO  org.springframework.test.context.transaction.TransactionalTestExecutionListener - Committed transaction after test execution for test context [[TestContext@12cb84e testClass = OnReportTestCase, locations = array<String>['classpath:applicationContext-report-service.xml', 'classpath:test-hibernate_report.xml'], testInstance = com.asiainfo.boss4.webservice.OnReportTestCase@f8338b, testMethod = testReoprt@OnReportTestCase, testException = [null]]]
2016-04-26 10:31:53,117 [Thread-1] INFO  org.springframework.context.support.GenericApplicationContext - Closing org.springframework.context.support.GenericApplicationContext@e229be: display name [org.springframework.context.support.GenericApplicationContext@e229be]; startup date [Tue Apr 26 10:31:34 CST 2016]; root of context hierarchy
2016-04-26 10:31:53,120 [Thread-1] INFO  org.springframework.beans.factory.support.DefaultListableBeanFactory - Destroying singletons in org.springframework.beans.factory.support.DefaultListableBeanFactory@caafcc: defining beans [onReportServiceImpl,reportDispatch,reportBaseDao,service_20009,service_20002,service_20003,service_20101,service_20102,service_20103,service_20201,service_20202,service_20203,service_20204,service_20205,service_20206,service_20207,service_20208,propertyConfigurer,dataSource,sessionFactory,transactionManager,org.springframework.aop.config.internalAutoProxyCreator,org.springframework.aop.support.DefaultBeanFactoryPointcutAdvisor#0,txAdvice_report,org.springframework.context.annotation.internalPersistenceAnnotationProcessor,org.springframework.context.annotation.internalCommonAnnotationProcessor,org.springframework.context.annotation.internalAutowiredAnnotationProcessor,org.springframework.context.annotation.internalRequiredAnnotationProcessor]; root of factory hierarchy
2016-04-26 10:31:53,131 [Thread-1] INFO  org.springframework.orm.hibernate3.annotation.AnnotationSessionFactoryBean - Closing Hibernate SessionFactory
2016-04-26 10:32:33,605 [main] INFO  org.springframework.test.context.TestContextManager - @TestExecutionListeners is not present for class [class com.asiainfo.boss4.webservice.OnReportTestCase]: using defaults.
2016-04-26 10:32:33,843 [main] INFO  org.springframework.beans.factory.xml.XmlBeanDefinitionReader - Loading XML bean definitions from class path resource [applicationContext-report-service.xml]
2016-04-26 10:32:34,450 [main] INFO  org.springframework.beans.factory.xml.XmlBeanDefinitionReader - Loading XML bean definitions from class path resource [test-hibernate_report.xml]
2016-04-26 10:32:34,602 [main] INFO  org.springframework.context.support.GenericApplicationContext - Refreshing org.springframework.context.support.GenericApplicationContext@156ddc0: display name [org.springframework.context.support.GenericApplicationContext@156ddc0]; startup date [Tue Apr 26 10:32:34 CST 2016]; root of context hierarchy
2016-04-26 10:32:34,602 [main] INFO  org.springframework.context.support.GenericApplicationContext - Bean factory for application context [org.springframework.context.support.GenericApplicationContext@156ddc0]: org.springframework.beans.factory.support.DefaultListableBeanFactory@49ffc3
2016-04-26 10:32:34,725 [main] INFO  org.springframework.beans.factory.config.PropertyPlaceholderConfigurer - Loading properties file from class path resource [test-jdbc.properties]
2016-04-26 10:32:34,843 [main] INFO  org.springframework.beans.factory.support.DefaultListableBeanFactory - Pre-instantiating singletons in org.springframework.beans.factory.support.DefaultListableBeanFactory@49ffc3: defining beans [onReportServiceImpl,reportDispatch,reportBaseDao,service_20009,service_20002,service_20003,service_20101,service_20102,service_20103,service_20201,service_20202,service_20203,service_20204,service_20205,service_20206,service_20207,service_20208,propertyConfigurer,dataSource,sessionFactory,transactionManager,org.springframework.aop.config.internalAutoProxyCreator,org.springframework.aop.support.DefaultBeanFactoryPointcutAdvisor#0,txAdvice_report,org.springframework.context.annotation.internalPersistenceAnnotationProcessor,org.springframework.context.annotation.internalCommonAnnotationProcessor,org.springframework.context.annotation.internalAutowiredAnnotationProcessor,org.springframework.context.annotation.internalRequiredAnnotationProcessor]; root of factory hierarchy
2016-04-26 10:32:35,617 [main] INFO  org.springframework.orm.hibernate3.annotation.AnnotationSessionFactoryBean - Building new Hibernate SessionFactory
2016-04-26 10:32:41,710 [main] INFO  org.springframework.orm.hibernate3.HibernateTransactionManager - Using DataSource [com.asiainfo.boss4.dbcp.MyBasicDataSource@1b995c2] of Hibernate SessionFactory for HibernateTransactionManager
2016-04-26 10:32:42,580 [main] DEBUG org.springframework.orm.hibernate3.HibernateTransactionManager - Creating new transaction with name [testReoprt]: PROPAGATION_REQUIRED,ISOLATION_DEFAULT
2016-04-26 10:32:42,687 [main] DEBUG org.springframework.orm.hibernate3.HibernateTransactionManager - Opened new Session [org.hibernate.impl.SessionImpl@852084] for Hibernate transaction
2016-04-26 10:32:42,694 [main] DEBUG org.springframework.orm.hibernate3.HibernateTransactionManager - Preparing JDBC Connection of Hibernate Session [org.hibernate.impl.SessionImpl@852084]
2016-04-26 10:32:42,757 [main] DEBUG org.springframework.orm.hibernate3.HibernateTransactionManager - Exposing Hibernate transaction as JDBC transaction [jdbc:oracle:thin:@10.7.5.164:1521:ngtst02, UserName=ZG, Oracle JDBC driver]
2016-04-26 10:32:42,760 [main] INFO  org.springframework.test.context.transaction.TransactionalTestExecutionListener - Began transaction (1): transaction manager [org.springframework.orm.hibernate3.HibernateTransactionManager@179f9e2]; rollback [false]
2016-04-26 10:32:42,805 [main] INFO  com.asiainfo.report.webservice.OnReportServiceImpl - 传入XML=><?xml version="1.0" encoding="UTF-8"?>
<root>
	<item>
		<tranCode>20202</tranCode>
		<eaiOrderId></eaiOrderId>
		<eaiTradeId></eaiTradeId>
		<eaiOperator></eaiOperator>
		<eaiPassword></eaiPassword>
		<hallNos>
			<hallNo>10002106</hallNo>
			<hallName>????????</hallName>
		</hallNos>
		<hallNos>
			<hallNo>10002794</hallNo>
			<hallName>?????????</hallName>
		</hallNos>
		<startDate>20160424</startDate>
		<endDate>20160424</endDate>
	</item>
</root>

2016-04-26 10:32:45,288 [main] DEBUG org.springframework.orm.hibernate3.HibernateTransactionManager - Found thread-bound Session [org.hibernate.impl.SessionImpl@852084] for Hibernate transaction
2016-04-26 10:32:45,288 [main] DEBUG org.springframework.orm.hibernate3.HibernateTransactionManager - Participating in existing transaction
2016-04-26 10:41:49,023 [main] INFO  org.springframework.test.context.TestContextManager - @TestExecutionListeners is not present for class [class com.asiainfo.boss4.webservice.OnReportTestCase]: using defaults.
2016-04-26 10:41:49,168 [main] INFO  org.springframework.beans.factory.xml.XmlBeanDefinitionReader - Loading XML bean definitions from class path resource [applicationContext-report-service.xml]
2016-04-26 10:41:49,534 [main] INFO  org.springframework.beans.factory.xml.XmlBeanDefinitionReader - Loading XML bean definitions from class path resource [test-hibernate_report.xml]
2016-04-26 10:41:49,626 [main] INFO  org.springframework.context.support.GenericApplicationContext - Refreshing org.springframework.context.support.GenericApplicationContext@1a39121: display name [org.springframework.context.support.GenericApplicationContext@1a39121]; startup date [Tue Apr 26 10:41:49 CST 2016]; root of context hierarchy
2016-04-26 10:41:49,626 [main] INFO  org.springframework.context.support.GenericApplicationContext - Bean factory for application context [org.springframework.context.support.GenericApplicationContext@1a39121]: org.springframework.beans.factory.support.DefaultListableBeanFactory@1f939d2
2016-04-26 10:41:49,693 [main] INFO  org.springframework.beans.factory.config.PropertyPlaceholderConfigurer - Loading properties file from class path resource [test-jdbc.properties]
2016-04-26 10:41:49,788 [main] INFO  org.springframework.beans.factory.support.DefaultListableBeanFactory - Pre-instantiating singletons in org.springframework.beans.factory.support.DefaultListableBeanFactory@1f939d2: defining beans [onReportServiceImpl,reportDispatch,reportBaseDao,service_20009,service_20002,service_20003,service_20101,service_20102,service_20103,service_20201,service_20203,service_20204,service_20205,service_20206,service_20207,service_20208,propertyConfigurer,dataSource,sessionFactory,transactionManager,org.springframework.aop.config.internalAutoProxyCreator,org.springframework.aop.support.DefaultBeanFactoryPointcutAdvisor#0,txAdvice_report,org.springframework.context.annotation.internalPersistenceAnnotationProcessor,org.springframework.context.annotation.internalCommonAnnotationProcessor,org.springframework.context.annotation.internalAutowiredAnnotationProcessor,org.springframework.context.annotation.internalRequiredAnnotationProcessor]; root of factory hierarchy
2016-04-26 10:41:50,404 [main] INFO  org.springframework.orm.hibernate3.annotation.AnnotationSessionFactoryBean - Building new Hibernate SessionFactory
2016-04-26 10:41:57,439 [main] INFO  org.springframework.orm.hibernate3.HibernateTransactionManager - Using DataSource [com.asiainfo.boss4.dbcp.MyBasicDataSource@fc484d] of Hibernate SessionFactory for HibernateTransactionManager
2016-04-26 10:41:57,902 [main] DEBUG org.springframework.orm.hibernate3.HibernateTransactionManager - Creating new transaction with name [testReoprt]: PROPAGATION_REQUIRED,ISOLATION_DEFAULT
2016-04-26 10:41:57,962 [main] DEBUG org.springframework.orm.hibernate3.HibernateTransactionManager - Opened new Session [org.hibernate.impl.SessionImpl@16f06ea] for Hibernate transaction
2016-04-26 10:41:57,965 [main] DEBUG org.springframework.orm.hibernate3.HibernateTransactionManager - Preparing JDBC Connection of Hibernate Session [org.hibernate.impl.SessionImpl@16f06ea]
2016-04-26 10:41:58,063 [main] DEBUG org.springframework.orm.hibernate3.HibernateTransactionManager - Exposing Hibernate transaction as JDBC transaction [jdbc:oracle:thin:@10.7.5.164:1521:ngtst02, UserName=ZG, Oracle JDBC driver]
2016-04-26 10:41:58,064 [main] INFO  org.springframework.test.context.transaction.TransactionalTestExecutionListener - Began transaction (1): transaction manager [org.springframework.orm.hibernate3.HibernateTransactionManager@90a682]; rollback [false]
2016-04-26 10:41:58,080 [main] INFO  com.asiainfo.report.webservice.OnReportServiceImpl - 传入XML=><?xml version="1.0" encoding="UTF-8"?>
<root>
	<item>
		<tranCode>20202</tranCode>
		<eaiOrderId></eaiOrderId>
		<eaiTradeId></eaiTradeId>
		<eaiOperator></eaiOperator>
		<eaiPassword></eaiPassword>
		<hallNos>
			<hallNo>10002106</hallNo>
			<hallName>????????</hallName>
		</hallNos>
		<hallNos>
			<hallNo>10002794</hallNo>
			<hallName>?????????</hallName>
		</hallNos>
		<startDate>20160424</startDate>
		<endDate>20160424</endDate>
	</item>
</root>

2016-04-26 10:42:16,920 [main] DEBUG org.springframework.orm.hibernate3.HibernateTransactionManager - Found thread-bound Session [org.hibernate.impl.SessionImpl@16f06ea] for Hibernate transaction
2016-04-26 10:42:16,920 [main] DEBUG org.springframework.orm.hibernate3.HibernateTransactionManager - Participating in existing transaction
2016-04-26 10:43:35,313 [main] DEBUG org.hibernate.type.StringType - binding '20160424' to parameter: 2
2016-04-26 10:43:35,313 [main] DEBUG org.hibernate.type.StringType - binding '20160424' to parameter: 1
2016-04-26 10:43:43,095 [main] DEBUG org.hibernate.type.StringType - returning '01003' as column: BILL_GRP_ID
2016-04-26 10:43:43,096 [main] DEBUG org.hibernate.type.StringType - returning '50充值卡' as column: BILL_GRP_NAME
2016-04-26 10:43:43,101 [main] DEBUG org.hibernate.type.BigDecimalType - returning '70' as column: SUM(T.RECEIVABLE_CNT)
2016-04-26 10:43:43,101 [main] DEBUG org.hibernate.type.BigDecimalType - returning '350000' as column: SUM(T.RECEIVABLE_AMT)
2016-04-26 10:43:43,101 [main] DEBUG org.hibernate.type.BigDecimalType - returning '70' as column: SUM(T.REAL_INCOME_CNT)
2016-04-26 10:43:43,101 [main] DEBUG org.hibernate.type.BigDecimalType - returning '350000' as column: SUM(T.REAL_INCOME_AMT)
2016-04-26 10:43:43,101 [main] DEBUG org.hibernate.type.StringType - returning '01004' as column: BILL_GRP_ID
2016-04-26 10:43:43,101 [main] DEBUG org.hibernate.type.StringType - returning '100充值卡' as column: BILL_GRP_NAME
2016-04-26 10:43:43,102 [main] DEBUG org.hibernate.type.BigDecimalType - returning '199' as column: SUM(T.RECEIVABLE_CNT)
2016-04-26 10:43:43,102 [main] DEBUG org.hibernate.type.BigDecimalType - returning '1990000' as column: SUM(T.RECEIVABLE_AMT)
2016-04-26 10:43:43,102 [main] DEBUG org.hibernate.type.BigDecimalType - returning '198' as column: SUM(T.REAL_INCOME_CNT)
2016-04-26 10:43:43,102 [main] DEBUG org.hibernate.type.BigDecimalType - returning '1980000' as column: SUM(T.REAL_INCOME_AMT)
2016-04-26 10:43:43,102 [main] DEBUG org.hibernate.type.StringType - returning '01005' as column: BILL_GRP_ID
2016-04-26 10:43:43,102 [main] DEBUG org.hibernate.type.StringType - returning '300充值卡' as column: BILL_GRP_NAME
2016-04-26 10:43:43,103 [main] DEBUG org.hibernate.type.BigDecimalType - returning '18' as column: SUM(T.RECEIVABLE_CNT)
2016-04-26 10:43:43,103 [main] DEBUG org.hibernate.type.BigDecimalType - returning '540000' as column: SUM(T.RECEIVABLE_AMT)
2016-04-26 10:43:43,103 [main] DEBUG org.hibernate.type.BigDecimalType - returning '18' as column: SUM(T.REAL_INCOME_CNT)
2016-04-26 10:43:43,103 [main] DEBUG org.hibernate.type.BigDecimalType - returning '540000' as column: SUM(T.REAL_INCOME_AMT)
2016-04-26 10:43:43,103 [main] DEBUG org.hibernate.type.StringType - returning '01006' as column: BILL_GRP_ID
2016-04-26 10:43:43,103 [main] DEBUG org.hibernate.type.StringType - returning '500元充值卡' as column: BILL_GRP_NAME
2016-04-26 10:43:43,104 [main] DEBUG org.hibernate.type.BigDecimalType - returning '1' as column: SUM(T.RECEIVABLE_CNT)
2016-04-26 10:43:43,104 [main] DEBUG org.hibernate.type.BigDecimalType - returning '50000' as column: SUM(T.RECEIVABLE_AMT)
2016-04-26 10:43:43,104 [main] DEBUG org.hibernate.type.BigDecimalType - returning '1' as column: SUM(T.REAL_INCOME_CNT)
2016-04-26 10:43:43,104 [main] DEBUG org.hibernate.type.BigDecimalType - returning '50000' as column: SUM(T.REAL_INCOME_AMT)
2016-04-26 10:43:43,104 [main] DEBUG org.hibernate.type.StringType - returning '01036' as column: BILL_GRP_ID
2016-04-26 10:43:43,104 [main] DEBUG org.hibernate.type.StringType - returning '动感地带入网' as column: BILL_GRP_NAME
2016-04-26 10:43:43,104 [main] DEBUG org.hibernate.type.BigDecimalType - returning '6' as column: SUM(T.RECEIVABLE_CNT)
2016-04-26 10:43:43,104 [main] DEBUG org.hibernate.type.BigDecimalType - returning '6000' as column: SUM(T.RECEIVABLE_AMT)
2016-04-26 10:43:43,105 [main] DEBUG org.hibernate.type.BigDecimalType - returning '6' as column: SUM(T.REAL_INCOME_CNT)
2016-04-26 10:43:43,105 [main] DEBUG org.hibernate.type.BigDecimalType - returning '6000' as column: SUM(T.REAL_INCOME_AMT)
2016-04-26 10:43:43,105 [main] DEBUG org.hibernate.type.StringType - returning '01050' as column: BILL_GRP_ID
2016-04-26 10:43:43,105 [main] DEBUG org.hibernate.type.StringType - returning '30元充值卡' as column: BILL_GRP_NAME
2016-04-26 10:43:43,105 [main] DEBUG org.hibernate.type.BigDecimalType - returning '16' as column: SUM(T.RECEIVABLE_CNT)
2016-04-26 10:43:43,105 [main] DEBUG org.hibernate.type.BigDecimalType - returning '48000' as column: SUM(T.RECEIVABLE_AMT)
2016-04-26 10:43:43,105 [main] DEBUG org.hibernate.type.BigDecimalType - returning '16' as column: SUM(T.REAL_INCOME_CNT)
2016-04-26 10:43:43,106 [main] DEBUG org.hibernate.type.BigDecimalType - returning '48000' as column: SUM(T.REAL_INCOME_AMT)
2016-04-26 10:43:43,106 [main] DEBUG org.hibernate.type.StringType - returning '01067' as column: BILL_GRP_ID
2016-04-26 10:43:43,106 [main] DEBUG org.hibernate.type.StringType - returning '神州行畅听卡入网' as column: BILL_GRP_NAME
2016-04-26 10:43:43,106 [main] DEBUG org.hibernate.type.BigDecimalType - returning '19' as column: SUM(T.RECEIVABLE_CNT)
2016-04-26 10:43:43,106 [main] DEBUG org.hibernate.type.BigDecimalType - returning '19000' as column: SUM(T.RECEIVABLE_AMT)
2016-04-26 10:43:43,106 [main] DEBUG org.hibernate.type.BigDecimalType - returning '16' as column: SUM(T.REAL_INCOME_CNT)
2016-04-26 10:43:43,107 [main] DEBUG org.hibernate.type.BigDecimalType - returning '16000' as column: SUM(T.REAL_INCOME_AMT)
2016-04-26 10:43:43,107 [main] DEBUG org.hibernate.type.StringType - returning '01084' as column: BILL_GRP_ID
2016-04-26 10:43:43,107 [main] DEBUG org.hibernate.type.StringType - returning '30元电子充值卡' as column: BILL_GRP_NAME
2016-04-26 10:43:43,107 [main] DEBUG org.hibernate.type.BigDecimalType - returning '4' as column: SUM(T.RECEIVABLE_CNT)
2016-04-26 10:43:43,107 [main] DEBUG org.hibernate.type.BigDecimalType - returning '12000' as column: SUM(T.RECEIVABLE_AMT)
2016-04-26 10:43:43,107 [main] DEBUG org.hibernate.type.BigDecimalType - returning '3' as column: SUM(T.REAL_INCOME_CNT)
2016-04-26 10:43:43,107 [main] DEBUG org.hibernate.type.BigDecimalType - returning '9000' as column: SUM(T.REAL_INCOME_AMT)
2016-04-26 10:43:43,108 [main] DEBUG org.hibernate.type.StringType - returning '01086' as column: BILL_GRP_ID
2016-04-26 10:43:43,108 [main] DEBUG org.hibernate.type.StringType - returning '50元电子充值卡' as column: BILL_GRP_NAME
2016-04-26 10:43:43,108 [main] DEBUG org.hibernate.type.BigDecimalType - returning '22' as column: SUM(T.RECEIVABLE_CNT)
2016-04-26 10:43:43,108 [main] DEBUG org.hibernate.type.BigDecimalType - returning '110000' as column: SUM(T.RECEIVABLE_AMT)
2016-04-26 10:43:43,108 [main] DEBUG org.hibernate.type.BigDecimalType - returning '16' as column: SUM(T.REAL_INCOME_CNT)
2016-04-26 10:43:43,108 [main] DEBUG org.hibernate.type.BigDecimalType - returning '80000' as column: SUM(T.REAL_INCOME_AMT)
2016-04-26 10:43:43,108 [main] DEBUG org.hibernate.type.StringType - returning '01088' as column: BILL_GRP_ID
2016-04-26 10:43:43,109 [main] DEBUG org.hibernate.type.StringType - returning '100元电子充值卡' as column: BILL_GRP_NAME
2016-04-26 10:43:43,109 [main] DEBUG org.hibernate.type.BigDecimalType - returning '49' as column: SUM(T.RECEIVABLE_CNT)
2016-04-26 10:43:43,109 [main] DEBUG org.hibernate.type.BigDecimalType - returning '490000' as column: SUM(T.RECEIVABLE_AMT)
2016-04-26 10:43:43,109 [main] DEBUG org.hibernate.type.BigDecimalType - returning '42' as column: SUM(T.REAL_INCOME_CNT)
2016-04-26 10:43:43,109 [main] DEBUG org.hibernate.type.BigDecimalType - returning '420000' as column: SUM(T.REAL_INCOME_AMT)
2016-04-26 10:43:43,109 [main] DEBUG org.hibernate.type.StringType - returning '01090' as column: BILL_GRP_ID
2016-04-26 10:43:43,110 [main] DEBUG org.hibernate.type.StringType - returning '300元电子充值卡' as column: BILL_GRP_NAME
2016-04-26 10:43:43,110 [main] DEBUG org.hibernate.type.BigDecimalType - returning '5' as column: SUM(T.RECEIVABLE_CNT)
2016-04-26 10:43:43,110 [main] DEBUG org.hibernate.type.BigDecimalType - returning '150000' as column: SUM(T.RECEIVABLE_AMT)
2016-04-26 10:43:43,110 [main] DEBUG org.hibernate.type.BigDecimalType - returning '4' as column: SUM(T.REAL_INCOME_CNT)
2016-04-26 10:43:43,110 [main] DEBUG org.hibernate.type.BigDecimalType - returning '120000' as column: SUM(T.REAL_INCOME_AMT)
2016-04-26 10:43:43,110 [main] DEBUG org.hibernate.type.StringType - returning '02001' as column: BILL_GRP_ID
2016-04-26 10:43:43,110 [main] DEBUG org.hibernate.type.StringType - returning '违约金' as column: BILL_GRP_NAME
2016-04-26 10:43:43,111 [main] DEBUG org.hibernate.type.BigDecimalType - returning '3' as column: SUM(T.RECEIVABLE_CNT)
2016-04-26 10:43:43,111 [main] DEBUG org.hibernate.type.BigDecimalType - returning '73265' as column: SUM(T.RECEIVABLE_AMT)
2016-04-26 10:43:43,111 [main] DEBUG org.hibernate.type.BigDecimalType - returning '3' as column: SUM(T.REAL_INCOME_CNT)
2016-04-26 10:43:43,111 [main] DEBUG org.hibernate.type.BigDecimalType - returning '73265' as column: SUM(T.REAL_INCOME_AMT)
2016-04-26 10:43:43,111 [main] DEBUG org.hibernate.type.StringType - returning '02002' as column: BILL_GRP_ID
2016-04-26 10:43:43,111 [main] DEBUG org.hibernate.type.StringType - returning '上月零数' as column: BILL_GRP_NAME
2016-04-26 10:43:43,112 [main] DEBUG org.hibernate.type.BigDecimalType - returning '7' as column: SUM(T.RECEIVABLE_CNT)
2016-04-26 10:43:43,112 [main] DEBUG org.hibernate.type.BigDecimalType - returning '228' as column: SUM(T.RECEIVABLE_AMT)
2016-04-26 10:43:43,112 [main] DEBUG org.hibernate.type.BigDecimalType - returning '7' as column: SUM(T.REAL_INCOME_CNT)
2016-04-26 10:43:43,112 [main] DEBUG org.hibernate.type.BigDecimalType - returning '228' as column: SUM(T.REAL_INCOME_AMT)
2016-04-26 10:43:43,112 [main] DEBUG org.hibernate.type.StringType - returning '02003' as column: BILL_GRP_ID
2016-04-26 10:43:43,112 [main] DEBUG org.hibernate.type.StringType - returning '转下次' as column: BILL_GRP_NAME
2016-04-26 10:43:43,112 [main] DEBUG org.hibernate.type.BigDecimalType - returning '14' as column: SUM(T.RECEIVABLE_CNT)
2016-04-26 10:43:43,113 [main] DEBUG org.hibernate.type.BigDecimalType - returning '-747' as column: SUM(T.RECEIVABLE_AMT)
2016-04-26 10:43:43,113 [main] DEBUG org.hibernate.type.BigDecimalType - returning '14' as column: SUM(T.REAL_INCOME_CNT)
2016-04-26 10:43:43,113 [main] DEBUG org.hibernate.type.BigDecimalType - returning '-747' as column: SUM(T.REAL_INCOME_AMT)
2016-04-26 10:43:43,113 [main] DEBUG org.hibernate.type.StringType - returning '02005' as column: BILL_GRP_ID
2016-04-26 10:43:43,113 [main] DEBUG org.hibernate.type.StringType - returning '增值服务费' as column: BILL_GRP_NAME
2016-04-26 10:43:43,113 [main] DEBUG org.hibernate.type.BigDecimalType - returning '21' as column: SUM(T.RECEIVABLE_CNT)
2016-04-26 10:43:43,113 [main] DEBUG org.hibernate.type.BigDecimalType - returning '41569' as column: SUM(T.RECEIVABLE_AMT)
2016-04-26 10:43:43,114 [main] DEBUG org.hibernate.type.BigDecimalType - returning '21' as column: SUM(T.REAL_INCOME_CNT)
2016-04-26 10:43:43,114 [main] DEBUG org.hibernate.type.BigDecimalType - returning '41569' as column: SUM(T.REAL_INCOME_AMT)
2016-04-26 10:43:43,114 [main] DEBUG org.hibernate.type.StringType - returning '02006' as column: BILL_GRP_ID
2016-04-26 10:43:43,114 [main] DEBUG org.hibernate.type.StringType - returning '月租费' as column: BILL_GRP_NAME
2016-04-26 10:43:43,114 [main] DEBUG org.hibernate.type.BigDecimalType - returning '25' as column: SUM(T.RECEIVABLE_CNT)
2016-04-26 10:43:43,114 [main] DEBUG org.hibernate.type.BigDecimalType - returning '355021' as column: SUM(T.RECEIVABLE_AMT)
2016-04-26 10:43:43,114 [main] DEBUG org.hibernate.type.BigDecimalType - returning '25' as column: SUM(T.REAL_INCOME_CNT)
2016-04-26 10:43:43,114 [main] DEBUG org.hibernate.type.BigDecimalType - returning '355021' as column: SUM(T.REAL_INCOME_AMT)
2016-04-26 10:43:43,115 [main] DEBUG org.hibernate.type.StringType - returning '02007' as column: BILL_GRP_ID
2016-04-26 10:43:43,115 [main] DEBUG org.hibernate.type.StringType - returning '通话费' as column: BILL_GRP_NAME
2016-04-26 10:43:43,115 [main] DEBUG org.hibernate.type.BigDecimalType - returning '11' as column: SUM(T.RECEIVABLE_CNT)
2016-04-26 10:43:43,115 [main] DEBUG org.hibernate.type.BigDecimalType - returning '80193' as column: SUM(T.RECEIVABLE_AMT)
2016-04-26 10:43:43,115 [main] DEBUG org.hibernate.type.BigDecimalType - returning '11' as column: SUM(T.REAL_INCOME_CNT)
2016-04-26 10:43:43,115 [main] DEBUG org.hibernate.type.BigDecimalType - returning '80193' as column: SUM(T.REAL_INCOME_AMT)
2016-04-26 10:43:43,115 [main] DEBUG org.hibernate.type.StringType - returning '02008' as column: BILL_GRP_ID
2016-04-26 10:43:43,116 [main] DEBUG org.hibernate.type.StringType - returning '代收费' as column: BILL_GRP_NAME
2016-04-26 10:43:43,116 [main] DEBUG org.hibernate.type.BigDecimalType - returning '1' as column: SUM(T.RECEIVABLE_CNT)
2016-04-26 10:43:43,116 [main] DEBUG org.hibernate.type.BigDecimalType - returning '1000' as column: SUM(T.RECEIVABLE_AMT)
2016-04-26 10:43:43,116 [main] DEBUG org.hibernate.type.BigDecimalType - returning '1' as column: SUM(T.REAL_INCOME_CNT)
2016-04-26 10:43:43,117 [main] DEBUG org.hibernate.type.BigDecimalType - returning '1000' as column: SUM(T.REAL_INCOME_AMT)
2016-04-26 10:43:43,117 [main] DEBUG org.hibernate.type.StringType - returning '02009' as column: BILL_GRP_ID
2016-04-26 10:43:43,117 [main] DEBUG org.hibernate.type.StringType - returning '优惠' as column: BILL_GRP_NAME
2016-04-26 10:43:43,117 [main] DEBUG org.hibernate.type.BigDecimalType - returning '4' as column: SUM(T.RECEIVABLE_CNT)
2016-04-26 10:43:43,117 [main] DEBUG org.hibernate.type.BigDecimalType - returning '-7870' as column: SUM(T.RECEIVABLE_AMT)
2016-04-26 10:43:43,117 [main] DEBUG org.hibernate.type.BigDecimalType - returning '4' as column: SUM(T.REAL_INCOME_CNT)
2016-04-26 10:43:43,117 [main] DEBUG org.hibernate.type.BigDecimalType - returning '-7870' as column: SUM(T.REAL_INCOME_AMT)
2016-04-26 10:43:43,117 [main] DEBUG org.hibernate.type.StringType - returning '02010' as column: BILL_GRP_ID
2016-04-26 10:43:43,118 [main] DEBUG org.hibernate.type.StringType - returning '当月冲抵' as column: BILL_GRP_NAME
2016-04-26 10:43:43,118 [main] DEBUG org.hibernate.type.BigDecimalType - returning '8' as column: SUM(T.RECEIVABLE_CNT)
2016-04-26 10:43:43,118 [main] DEBUG org.hibernate.type.BigDecimalType - returning '-43823' as column: SUM(T.RECEIVABLE_AMT)
2016-04-26 10:43:43,118 [main] DEBUG org.hibernate.type.BigDecimalType - returning '8' as column: SUM(T.REAL_INCOME_CNT)
2016-04-26 10:43:43,118 [main] DEBUG org.hibernate.type.BigDecimalType - returning '-43823' as column: SUM(T.REAL_INCOME_AMT)
2016-04-26 10:43:43,118 [main] DEBUG org.hibernate.type.StringType - returning '09005' as column: BILL_GRP_ID
2016-04-26 10:43:43,119 [main] DEBUG org.hibernate.type.StringType - returning '预存通话费' as column: BILL_GRP_NAME
2016-04-26 10:43:43,119 [main] DEBUG org.hibernate.type.BigDecimalType - returning '16' as column: SUM(T.RECEIVABLE_CNT)
2016-04-26 10:43:43,119 [main] DEBUG org.hibernate.type.BigDecimalType - returning '367996' as column: SUM(T.RECEIVABLE_AMT)
2016-04-26 10:43:43,119 [main] DEBUG org.hibernate.type.BigDecimalType - returning '0' as column: SUM(T.REAL_INCOME_CNT)
2016-04-26 10:43:43,119 [main] DEBUG org.hibernate.type.BigDecimalType - returning '0' as column: SUM(T.REAL_INCOME_AMT)
2016-04-26 10:43:43,119 [main] DEBUG org.hibernate.type.StringType - returning '09090' as column: BILL_GRP_ID
2016-04-26 10:43:43,119 [main] DEBUG org.hibernate.type.StringType - returning '押金' as column: BILL_GRP_NAME
2016-04-26 10:43:43,119 [main] DEBUG org.hibernate.type.BigDecimalType - returning '1' as column: SUM(T.RECEIVABLE_CNT)
2016-04-26 10:43:43,120 [main] DEBUG org.hibernate.type.BigDecimalType - returning '-60000' as column: SUM(T.RECEIVABLE_AMT)
2016-04-26 10:43:43,120 [main] DEBUG org.hibernate.type.BigDecimalType - returning '0' as column: SUM(T.REAL_INCOME_CNT)
2016-04-26 10:43:43,120 [main] DEBUG org.hibernate.type.BigDecimalType - returning '0' as column: SUM(T.REAL_INCOME_AMT)
2016-04-26 10:43:43,120 [main] DEBUG org.hibernate.type.StringType - returning '09094' as column: BILL_GRP_ID
2016-04-26 10:43:43,120 [main] DEBUG org.hibernate.type.StringType - returning '坏账话费' as column: BILL_GRP_NAME
2016-04-26 10:43:43,120 [main] DEBUG org.hibernate.type.BigDecimalType - returning '1' as column: SUM(T.RECEIVABLE_CNT)
2016-04-26 10:43:43,120 [main] DEBUG org.hibernate.type.BigDecimalType - returning '194805' as column: SUM(T.RECEIVABLE_AMT)
2016-04-26 10:43:43,121 [main] DEBUG org.hibernate.type.BigDecimalType - returning '1' as column: SUM(T.REAL_INCOME_CNT)
2016-04-26 10:43:43,121 [main] DEBUG org.hibernate.type.BigDecimalType - returning '194805' as column: SUM(T.REAL_INCOME_AMT)
2016-04-26 10:43:43,121 [main] DEBUG org.hibernate.type.StringType - returning '09130' as column: BILL_GRP_ID
2016-04-26 10:43:43,121 [main] DEBUG org.hibernate.type.StringType - returning 'SIM卡折扣' as column: BILL_GRP_NAME
2016-04-26 10:43:43,121 [main] DEBUG org.hibernate.type.BigDecimalType - returning '3' as column: SUM(T.RECEIVABLE_CNT)
2016-04-26 10:43:43,121 [main] DEBUG org.hibernate.type.BigDecimalType - returning '-3000' as column: SUM(T.RECEIVABLE_AMT)
2016-04-26 10:43:43,121 [main] DEBUG org.hibernate.type.BigDecimalType - returning '0' as column: SUM(T.REAL_INCOME_CNT)
2016-04-26 10:43:43,122 [main] DEBUG org.hibernate.type.BigDecimalType - returning '0' as column: SUM(T.REAL_INCOME_AMT)
2016-04-26 10:43:43,122 [main] DEBUG org.hibernate.type.StringType - returning '09184' as column: BILL_GRP_ID
2016-04-26 10:43:43,122 [main] DEBUG org.hibernate.type.StringType - returning '充值卡余额' as column: BILL_GRP_NAME
2016-04-26 10:43:43,122 [main] DEBUG org.hibernate.type.BigDecimalType - returning '8' as column: SUM(T.RECEIVABLE_CNT)
2016-04-26 10:43:43,122 [main] DEBUG org.hibernate.type.BigDecimalType - returning '-13674' as column: SUM(T.RECEIVABLE_AMT)
2016-04-26 10:43:43,122 [main] DEBUG org.hibernate.type.BigDecimalType - returning '0' as column: SUM(T.REAL_INCOME_CNT)
2016-04-26 10:43:43,122 [main] DEBUG org.hibernate.type.BigDecimalType - returning '0' as column: SUM(T.REAL_INCOME_AMT)
2016-04-26 10:43:43,123 [main] DEBUG org.hibernate.type.StringType - returning '09217' as column: BILL_GRP_ID
2016-04-26 10:43:43,123 [main] DEBUG org.hibernate.type.StringType - returning '动感预存' as column: BILL_GRP_NAME
2016-04-26 10:43:43,123 [main] DEBUG org.hibernate.type.BigDecimalType - returning '62' as column: SUM(T.RECEIVABLE_CNT)
2016-04-26 10:43:43,123 [main] DEBUG org.hibernate.type.BigDecimalType - returning '444000' as column: SUM(T.RECEIVABLE_AMT)
2016-04-26 10:43:43,123 [main] DEBUG org.hibernate.type.BigDecimalType - returning '0' as column: SUM(T.REAL_INCOME_CNT)
2016-04-26 10:43:43,123 [main] DEBUG org.hibernate.type.BigDecimalType - returning '0' as column: SUM(T.REAL_INCOME_AMT)
2016-04-26 10:43:43,123 [main] DEBUG org.hibernate.type.StringType - returning '09333' as column: BILL_GRP_ID
2016-04-26 10:43:43,123 [main] DEBUG org.hibernate.type.StringType - returning '违约金' as column: BILL_GRP_NAME
2016-04-26 10:43:43,124 [main] DEBUG org.hibernate.type.BigDecimalType - returning '1' as column: SUM(T.RECEIVABLE_CNT)
2016-04-26 10:43:43,124 [main] DEBUG org.hibernate.type.BigDecimalType - returning '3600' as column: SUM(T.RECEIVABLE_AMT)
2016-04-26 10:43:43,124 [main] DEBUG org.hibernate.type.BigDecimalType - returning '1' as column: SUM(T.REAL_INCOME_CNT)
2016-04-26 10:43:43,124 [main] DEBUG org.hibernate.type.BigDecimalType - returning '3600' as column: SUM(T.REAL_INCOME_AMT)
2016-04-26 10:43:43,124 [main] DEBUG org.hibernate.type.StringType - returning '09437' as column: BILL_GRP_ID
2016-04-26 10:43:43,124 [main] DEBUG org.hibernate.type.StringType - returning '厅台充值' as column: BILL_GRP_NAME
2016-04-26 10:43:43,125 [main] DEBUG org.hibernate.type.BigDecimalType - returning '32' as column: SUM(T.RECEIVABLE_CNT)
2016-04-26 10:43:43,125 [main] DEBUG org.hibernate.type.BigDecimalType - returning '474000' as column: SUM(T.RECEIVABLE_AMT)
2016-04-26 10:43:43,125 [main] DEBUG org.hibernate.type.BigDecimalType - returning '0' as column: SUM(T.REAL_INCOME_CNT)
2016-04-26 10:43:43,125 [main] DEBUG org.hibernate.type.BigDecimalType - returning '0' as column: SUM(T.REAL_INCOME_AMT)
2016-04-26 10:43:43,125 [main] DEBUG org.hibernate.type.StringType - returning '09749' as column: BILL_GRP_ID
2016-04-26 10:43:43,125 [main] DEBUG org.hibernate.type.StringType - returning '家庭宽带移机费' as column: BILL_GRP_NAME
2016-04-26 10:43:43,125 [main] DEBUG org.hibernate.type.BigDecimalType - returning '-1' as column: SUM(T.RECEIVABLE_CNT)
2016-04-26 10:43:43,125 [main] DEBUG org.hibernate.type.BigDecimalType - returning '-11000' as column: SUM(T.RECEIVABLE_AMT)
2016-04-26 10:43:43,125 [main] DEBUG org.hibernate.type.BigDecimalType - returning '0' as column: SUM(T.REAL_INCOME_CNT)
2016-04-26 10:43:43,126 [main] DEBUG org.hibernate.type.BigDecimalType - returning '0' as column: SUM(T.REAL_INCOME_AMT)
2016-04-26 10:43:43,126 [main] DEBUG org.hibernate.type.StringType - returning '09930' as column: BILL_GRP_ID
2016-04-26 10:43:43,126 [main] DEBUG org.hibernate.type.StringType - returning '家庭宽带预存' as column: BILL_GRP_NAME
2016-04-26 10:43:43,126 [main] DEBUG org.hibernate.type.BigDecimalType - returning '1' as column: SUM(T.RECEIVABLE_CNT)
2016-04-26 10:43:43,126 [main] DEBUG org.hibernate.type.BigDecimalType - returning '70000' as column: SUM(T.RECEIVABLE_AMT)
2016-04-26 10:43:43,127 [main] DEBUG org.hibernate.type.BigDecimalType - returning '0' as column: SUM(T.REAL_INCOME_CNT)
2016-04-26 10:43:43,127 [main] DEBUG org.hibernate.type.BigDecimalType - returning '0' as column: SUM(T.REAL_INCOME_AMT)
2016-04-26 10:43:58,238 [main] INFO  com.asiainfo.report.webservice.OnReportServiceImpl - 响应XML=> <?xml version="1.0" encoding="UTF-8"?>
<AccountReply>
<item>
<eaiOrderId></eaiOrderId>
<eaiTradeId></eaiTradeId>
<eaiOperator></eaiOperator>
<eaiPassword></eaiPassword>
<returnCode>0</returnCode>
<codeDesc></codeDesc>
<dailyStatisticHall>
<subjectGroupNo>01003</subjectGroupNo>
<subjectGroupName>50充值卡</subjectGroupName>
<shouldreceiveCount>70</shouldreceiveCount>
<shouldreceiveAmount>350000</shouldreceiveAmount>
<receivedCount>70</receivedCount>
<receivedAmount>350000</receivedAmount>
</dailyStatisticHall>
<dailyStatisticHall>
<subjectGroupNo>01004</subjectGroupNo>
<subjectGroupName>100充值卡</subjectGroupName>
<shouldreceiveCount>199</shouldreceiveCount>
<shouldreceiveAmount>1990000</shouldreceiveAmount>
<receivedCount>198</receivedCount>
<receivedAmount>1980000</receivedAmount>
</dailyStatisticHall>
<dailyStatisticHall>
<subjectGroupNo>01005</subjectGroupNo>
<subjectGroupName>300充值卡</subjectGroupName>
<shouldreceiveCount>18</shouldreceiveCount>
<shouldreceiveAmount>540000</shouldreceiveAmount>
<receivedCount>18</receivedCount>
<receivedAmount>540000</receivedAmount>
</dailyStatisticHall>
<dailyStatisticHall>
<subjectGroupNo>01006</subjectGroupNo>
<subjectGroupName>500元充值卡</subjectGroupName>
<shouldreceiveCount>1</shouldreceiveCount>
<shouldreceiveAmount>50000</shouldreceiveAmount>
<receivedCount>1</receivedCount>
<receivedAmount>50000</receivedAmount>
</dailyStatisticHall>
<dailyStatisticHall>
<subjectGroupNo>01036</subjectGroupNo>
<subjectGroupName>动感地带入网</subjectGroupName>
<shouldreceiveCount>6</shouldreceiveCount>
<shouldreceiveAmount>6000</shouldreceiveAmount>
<receivedCount>6</receivedCount>
<receivedAmount>6000</receivedAmount>
</dailyStatisticHall>
<dailyStatisticHall>
<subjectGroupNo>01050</subjectGroupNo>
<subjectGroupName>30元充值卡</subjectGroupName>
<shouldreceiveCount>16</shouldreceiveCount>
<shouldreceiveAmount>48000</shouldreceiveAmount>
<receivedCount>16</receivedCount>
<receivedAmount>48000</receivedAmount>
</dailyStatisticHall>
<dailyStatisticHall>
<subjectGroupNo>01067</subjectGroupNo>
<subjectGroupName>神州行畅听卡入网</subjectGroupName>
<shouldreceiveCount>19</shouldreceiveCount>
<shouldreceiveAmount>19000</shouldreceiveAmount>
<receivedCount>16</receivedCount>
<receivedAmount>16000</receivedAmount>
</dailyStatisticHall>
<dailyStatisticHall>
<subjectGroupNo>01084</subjectGroupNo>
<subjectGroupName>30元电子充值卡</subjectGroupName>
<shouldreceiveCount>4</shouldreceiveCount>
<shouldreceiveAmount>12000</shouldreceiveAmount>
<receivedCount>3</receivedCount>
<receivedAmount>9000</receivedAmount>
</dailyStatisticHall>
<dailyStatisticHall>
<subjectGroupNo>01086</subjectGroupNo>
<subjectGroupName>50元电子充值卡</subjectGroupName>
<shouldreceiveCount>22</shouldreceiveCount>
<shouldreceiveAmount>110000</shouldreceiveAmount>
<receivedCount>16</receivedCount>
<receivedAmount>80000</receivedAmount>
</dailyStatisticHall>
<dailyStatisticHall>
<subjectGroupNo>01088</subjectGroupNo>
<subjectGroupName>100元电子充值卡</subjectGroupName>
<shouldreceiveCount>49</shouldreceiveCount>
<shouldreceiveAmount>490000</shouldreceiveAmount>
<receivedCount>42</receivedCount>
<receivedAmount>420000</receivedAmount>
</dailyStatisticHall>
<dailyStatisticHall>
<subjectGroupNo>01090</subjectGroupNo>
<subjectGroupName>300元电子充值卡</subjectGroupName>
<shouldreceiveCount>5</shouldreceiveCount>
<shouldreceiveAmount>150000</shouldreceiveAmount>
<receivedCount>4</receivedCount>
<receivedAmount>120000</receivedAmount>
</dailyStatisticHall>
<dailyStatisticHall>
<subjectGroupNo>02001</subjectGroupNo>
<subjectGroupName>违约金</subjectGroupName>
<shouldreceiveCount>3</shouldreceiveCount>
<shouldreceiveAmount>73265</shouldreceiveAmount>
<receivedCount>3</receivedCount>
<receivedAmount>73265</receivedAmount>
</dailyStatisticHall>
<dailyStatisticHall>
<subjectGroupNo>02002</subjectGroupNo>
<subjectGroupName>上月零数</subjectGroupName>
<shouldreceiveCount>7</shouldreceiveCount>
<shouldreceiveAmount>228</shouldreceiveAmount>
<receivedCount>7</receivedCount>
<receivedAmount>228</receivedAmount>
</dailyStatisticHall>
<dailyStatisticHall>
<subjectGroupNo>02003</subjectGroupNo>
<subjectGroupName>转下次</subjectGroupName>
<shouldreceiveCount>14</shouldreceiveCount>
<shouldreceiveAmount>-747</shouldreceiveAmount>
<receivedCount>14</receivedCount>
<receivedAmount>-747</receivedAmount>
</dailyStatisticHall>
<dailyStatisticHall>
<subjectGroupNo>02005</subjectGroupNo>
<subjectGroupName>增值服务费</subjectGroupName>
<shouldreceiveCount>21</shouldreceiveCount>
<shouldreceiveAmount>41569</shouldreceiveAmount>
<receivedCount>21</receivedCount>
<receivedAmount>41569</receivedAmount>
</dailyStatisticHall>
<dailyStatisticHall>
<subjectGroupNo>02006</subjectGroupNo>
<subjectGroupName>月租费</subjectGroupName>
<shouldreceiveCount>25</shouldreceiveCount>
<shouldreceiveAmount>355021</shouldreceiveAmount>
<receivedCount>25</receivedCount>
<receivedAmount>355021</receivedAmount>
</dailyStatisticHall>
<dailyStatisticHall>
<subjectGroupNo>02007</subjectGroupNo>
<subjectGroupName>通话费</subjectGroupName>
<shouldreceiveCount>11</shouldreceiveCount>
<shouldreceiveAmount>80193</shouldreceiveAmount>
<receivedCount>11</receivedCount>
<receivedAmount>80193</receivedAmount>
</dailyStatisticHall>
<dailyStatisticHall>
<subjectGroupNo>02008</subjectGroupNo>
<subjectGroupName>代收费</subjectGroupName>
<shouldreceiveCount>1</shouldreceiveCount>
<shouldreceiveAmount>1000</shouldreceiveAmount>
<receivedCount>1</receivedCount>
<receivedAmount>1000</receivedAmount>
</dailyStatisticHall>
<dailyStatisticHall>
<subjectGroupNo>02009</subjectGroupNo>
<subjectGroupName>优惠</subjectGroupName>
<shouldreceiveCount>4</shouldreceiveCount>
<shouldreceiveAmount>-7870</shouldreceiveAmount>
<receivedCount>4</receivedCount>
<receivedAmount>-7870</receivedAmount>
</dailyStatisticHall>
<dailyStatisticHall>
<subjectGroupNo>02010</subjectGroupNo>
<subjectGroupName>当月冲抵</subjectGroupName>
<shouldreceiveCount>8</shouldreceiveCount>
<shouldreceiveAmount>-43823</shouldreceiveAmount>
<receivedCount>8</receivedCount>
<receivedAmount>-43823</receivedAmount>
</dailyStatisticHall>
<dailyStatisticHall>
<subjectGroupNo>09005</subjectGroupNo>
<subjectGroupName>预存通话费</subjectGroupName>
<shouldreceiveCount>16</shouldreceiveCount>
<shouldreceiveAmount>367996</shouldreceiveAmount>
<receivedCount>0</receivedCount>
<receivedAmount>0</receivedAmount>
</dailyStatisticHall>
<dailyStatisticHall>
<subjectGroupNo>09090</subjectGroupNo>
<subjectGroupName>押金</subjectGroupName>
<shouldreceiveCount>1</shouldreceiveCount>
<shouldreceiveAmount>-60000</shouldreceiveAmount>
<receivedCount>0</receivedCount>
<receivedAmount>0</receivedAmount>
</dailyStatisticHall>
<dailyStatisticHall>
<subjectGroupNo>09094</subjectGroupNo>
<subjectGroupName>坏账话费</subjectGroupName>
<shouldreceiveCount>1</shouldreceiveCount>
<shouldreceiveAmount>194805</shouldreceiveAmount>
<receivedCount>1</receivedCount>
<receivedAmount>194805</receivedAmount>
</dailyStatisticHall>
<dailyStatisticHall>
<subjectGroupNo>09130</subjectGroupNo>
<subjectGroupName>SIM卡折扣</subjectGroupName>
<shouldreceiveCount>3</shouldreceiveCount>
<shouldreceiveAmount>-3000</shouldreceiveAmount>
<receivedCount>0</receivedCount>
<receivedAmount>0</receivedAmount>
</dailyStatisticHall>
<dailyStatisticHall>
<subjectGroupNo>09184</subjectGroupNo>
<subjectGroupName>充值卡余额</subjectGroupName>
<shouldreceiveCount>8</shouldreceiveCount>
<shouldreceiveAmount>-13674</shouldreceiveAmount>
<receivedCount>0</receivedCount>
<receivedAmount>0</receivedAmount>
</dailyStatisticHall>
<dailyStatisticHall>
<subjectGroupNo>09217</subjectGroupNo>
<subjectGroupName>动感预存</subjectGroupName>
<shouldreceiveCount>62</shouldreceiveCount>
<shouldreceiveAmount>444000</shouldreceiveAmount>
<receivedCount>0</receivedCount>
<receivedAmount>0</receivedAmount>
</dailyStatisticHall>
<dailyStatisticHall>
<subjectGroupNo>09333</subjectGroupNo>
<subjectGroupName>违约金</subjectGroupName>
<shouldreceiveCount>1</shouldreceiveCount>
<shouldreceiveAmount>3600</shouldreceiveAmount>
<receivedCount>1</receivedCount>
<receivedAmount>3600</receivedAmount>
</dailyStatisticHall>
<dailyStatisticHall>
<subjectGroupNo>09437</subjectGroupNo>
<subjectGroupName>厅台充值</subjectGroupName>
<shouldreceiveCount>32</shouldreceiveCount>
<shouldreceiveAmount>474000</shouldreceiveAmount>
<receivedCount>0</receivedCount>
<receivedAmount>0</receivedAmount>
</dailyStatisticHall>
<dailyStatisticHall>
<subjectGroupNo>09749</subjectGroupNo>
<subjectGroupName>家庭宽带移机费</subjectGroupName>
<shouldreceiveCount>-1</shouldreceiveCount>
<shouldreceiveAmount>-11000</shouldreceiveAmount>
<receivedCount>0</receivedCount>
<receivedAmount>0</receivedAmount>
</dailyStatisticHall>
<dailyStatisticHall>
<subjectGroupNo>09930</subjectGroupNo>
<subjectGroupName>家庭宽带预存</subjectGroupName>
<shouldreceiveCount>1</shouldreceiveCount>
<shouldreceiveAmount>70000</shouldreceiveAmount>
<receivedCount>0</receivedCount>
<receivedAmount>0</receivedAmount>
</dailyStatisticHall>
<dailyStatisticHall>
<subjectGroupNo>TOTAL</subjectGroupNo>
<subjectGroupName>合计项</subjectGroupName>
<shouldreceiveCount>627</shouldreceiveCount>
<shouldreceiveAmount>5730563</shouldreceiveAmount>
<receivedCount>486</receivedCount>
<receivedAmount>4316241</receivedAmount>
</dailyStatisticHall>
</item>
</AccountReply>

2016-04-26 10:43:58,239 [main] INFO  com.asiainfo.report.webservice.OnReportServiceImpl - WebService请求处理完成
2016-04-26 10:50:11,277 [main] INFO  org.springframework.test.context.TestContextManager - @TestExecutionListeners is not present for class [class com.asiainfo.boss4.webservice.OnReportTestCase]: using defaults.
2016-04-26 10:50:11,467 [main] INFO  org.springframework.beans.factory.xml.XmlBeanDefinitionReader - Loading XML bean definitions from class path resource [applicationContext-report-service.xml]
2016-04-26 10:50:12,247 [main] INFO  org.springframework.beans.factory.xml.XmlBeanDefinitionReader - Loading XML bean definitions from class path resource [test-hibernate_report.xml]
2016-04-26 10:50:12,339 [main] INFO  org.springframework.context.support.GenericApplicationContext - Refreshing org.springframework.context.support.GenericApplicationContext@1a39121: display name [org.springframework.context.support.GenericApplicationContext@1a39121]; startup date [Tue Apr 26 10:50:12 CST 2016]; root of context hierarchy
2016-04-26 10:50:12,340 [main] INFO  org.springframework.context.support.GenericApplicationContext - Bean factory for application context [org.springframework.context.support.GenericApplicationContext@1a39121]: org.springframework.beans.factory.support.DefaultListableBeanFactory@1f939d2
2016-04-26 10:50:12,574 [main] INFO  org.springframework.beans.factory.config.PropertyPlaceholderConfigurer - Loading properties file from class path resource [test-jdbc.properties]
2016-04-26 10:50:12,669 [main] INFO  org.springframework.beans.factory.support.DefaultListableBeanFactory - Pre-instantiating singletons in org.springframework.beans.factory.support.DefaultListableBeanFactory@1f939d2: defining beans [onReportServiceImpl,reportDispatch,reportBaseDao,service_20009,service_20002,service_20003,service_20101,service_20102,service_20103,service_20201,service_20203,service_20204,service_20205,service_20206,service_20207,service_20208,propertyConfigurer,dataSource,sessionFactory,transactionManager,org.springframework.aop.config.internalAutoProxyCreator,org.springframework.aop.support.DefaultBeanFactoryPointcutAdvisor#0,txAdvice_report,org.springframework.context.annotation.internalPersistenceAnnotationProcessor,org.springframework.context.annotation.internalCommonAnnotationProcessor,org.springframework.context.annotation.internalAutowiredAnnotationProcessor,org.springframework.context.annotation.internalRequiredAnnotationProcessor]; root of factory hierarchy
2016-04-26 10:50:13,266 [main] INFO  org.springframework.orm.hibernate3.annotation.AnnotationSessionFactoryBean - Building new Hibernate SessionFactory
2016-04-26 10:50:20,674 [main] INFO  org.springframework.orm.hibernate3.HibernateTransactionManager - Using DataSource [com.asiainfo.boss4.dbcp.MyBasicDataSource@913903] of Hibernate SessionFactory for HibernateTransactionManager
2016-04-26 10:50:21,036 [main] DEBUG org.springframework.orm.hibernate3.HibernateTransactionManager - Creating new transaction with name [testReoprt]: PROPAGATION_REQUIRED,ISOLATION_DEFAULT
2016-04-26 10:50:21,080 [main] DEBUG org.springframework.orm.hibernate3.HibernateTransactionManager - Opened new Session [org.hibernate.impl.SessionImpl@a470a8] for Hibernate transaction
2016-04-26 10:50:21,083 [main] DEBUG org.springframework.orm.hibernate3.HibernateTransactionManager - Preparing JDBC Connection of Hibernate Session [org.hibernate.impl.SessionImpl@a470a8]
2016-04-26 10:50:21,117 [main] DEBUG org.springframework.orm.hibernate3.HibernateTransactionManager - Exposing Hibernate transaction as JDBC transaction [jdbc:oracle:thin:@10.7.5.164:1521:ngtst02, UserName=ZG, Oracle JDBC driver]
2016-04-26 10:50:21,118 [main] INFO  org.springframework.test.context.transaction.TransactionalTestExecutionListener - Began transaction (1): transaction manager [org.springframework.orm.hibernate3.HibernateTransactionManager@1bd8a7f]; rollback [false]
2016-04-26 10:50:21,140 [main] INFO  com.asiainfo.report.webservice.OnReportServiceImpl - 传入XML=><?xml version="1.0" encoding="UTF-8"?>
<AccountQuery>
	<item>
		<tranCode>20203</tranCode>
		<startDate>20160422</startDate>
		<endDate>20160422</endDate>
		<operatorId>63416</operatorId>
	</item>
</AccountQuery>

2016-04-26 10:51:31,039 [main] DEBUG org.springframework.orm.hibernate3.HibernateTransactionManager - Found thread-bound Session [org.hibernate.impl.SessionImpl@a470a8] for Hibernate transaction
2016-04-26 10:51:31,039 [main] DEBUG org.springframework.orm.hibernate3.HibernateTransactionManager - Participating in existing transaction
2016-04-26 10:51:41,895 [main] INFO  org.springframework.test.context.TestContextManager - @TestExecutionListeners is not present for class [class com.asiainfo.boss4.webservice.OnReportTestCase]: using defaults.
2016-04-26 10:51:42,036 [main] INFO  org.springframework.beans.factory.xml.XmlBeanDefinitionReader - Loading XML bean definitions from class path resource [applicationContext-report-service.xml]
2016-04-26 10:51:42,412 [main] INFO  org.springframework.beans.factory.xml.XmlBeanDefinitionReader - Loading XML bean definitions from class path resource [test-hibernate_report.xml]
2016-04-26 10:51:42,506 [main] INFO  org.springframework.context.support.GenericApplicationContext - Refreshing org.springframework.context.support.GenericApplicationContext@18d1693: display name [org.springframework.context.support.GenericApplicationContext@18d1693]; startup date [Tue Apr 26 10:51:42 CST 2016]; root of context hierarchy
2016-04-26 10:51:42,506 [main] INFO  org.springframework.context.support.GenericApplicationContext - Bean factory for application context [org.springframework.context.support.GenericApplicationContext@18d1693]: org.springframework.beans.factory.support.DefaultListableBeanFactory@105d0ae
2016-04-26 10:51:42,572 [main] INFO  org.springframework.beans.factory.config.PropertyPlaceholderConfigurer - Loading properties file from class path resource [test-jdbc.properties]
2016-04-26 10:51:42,652 [main] INFO  org.springframework.beans.factory.support.DefaultListableBeanFactory - Pre-instantiating singletons in org.springframework.beans.factory.support.DefaultListableBeanFactory@105d0ae: defining beans [onReportServiceImpl,reportDispatch,reportBaseDao,service_20009,service_20002,service_20003,service_20101,service_20102,service_20103,service_20201,service_20202,service_20203,service_20204,service_20205,service_20206,service_20207,service_20208,propertyConfigurer,dataSource,sessionFactory,transactionManager,org.springframework.aop.config.internalAutoProxyCreator,org.springframework.aop.support.DefaultBeanFactoryPointcutAdvisor#0,txAdvice_report,org.springframework.context.annotation.internalPersistenceAnnotationProcessor,org.springframework.context.annotation.internalCommonAnnotationProcessor,org.springframework.context.annotation.internalAutowiredAnnotationProcessor,org.springframework.context.annotation.internalRequiredAnnotationProcessor]; root of factory hierarchy
2016-04-26 10:51:43,195 [main] INFO  org.springframework.orm.hibernate3.annotation.AnnotationSessionFactoryBean - Building new Hibernate SessionFactory
2016-04-26 10:51:51,861 [main] INFO  org.springframework.orm.hibernate3.HibernateTransactionManager - Using DataSource [com.asiainfo.boss4.dbcp.MyBasicDataSource@1e016da] of Hibernate SessionFactory for HibernateTransactionManager
2016-04-26 10:51:52,212 [main] DEBUG org.springframework.orm.hibernate3.HibernateTransactionManager - Creating new transaction with name [testReoprt]: PROPAGATION_REQUIRED,ISOLATION_DEFAULT
2016-04-26 10:51:52,253 [main] DEBUG org.springframework.orm.hibernate3.HibernateTransactionManager - Opened new Session [org.hibernate.impl.SessionImpl@1732bcf] for Hibernate transaction
2016-04-26 10:51:52,255 [main] DEBUG org.springframework.orm.hibernate3.HibernateTransactionManager - Preparing JDBC Connection of Hibernate Session [org.hibernate.impl.SessionImpl@1732bcf]
2016-04-26 10:51:52,289 [main] DEBUG org.springframework.orm.hibernate3.HibernateTransactionManager - Exposing Hibernate transaction as JDBC transaction [jdbc:oracle:thin:@10.7.5.164:1521:ngtst02, UserName=ZG, Oracle JDBC driver]
2016-04-26 10:51:52,293 [main] INFO  org.springframework.test.context.transaction.TransactionalTestExecutionListener - Began transaction (1): transaction manager [org.springframework.orm.hibernate3.HibernateTransactionManager@1fb0a21]; rollback [false]
2016-04-26 10:51:52,315 [main] INFO  com.asiainfo.report.webservice.OnReportServiceImpl - 传入XML=><?xml version="1.0" encoding="UTF-8"?>
<AccountQuery>
	<item>
		<tranCode>20203</tranCode>
		<startDate>20160422</startDate>
		<endDate>20160422</endDate>
		<operatorId>63416</operatorId>
	</item>
</AccountQuery>

2016-04-26 10:51:53,720 [main] DEBUG org.springframework.orm.hibernate3.HibernateTransactionManager - Found thread-bound Session [org.hibernate.impl.SessionImpl@1732bcf] for Hibernate transaction
2016-04-26 10:51:53,720 [main] DEBUG org.springframework.orm.hibernate3.HibernateTransactionManager - Participating in existing transaction
2016-04-26 10:53:04,193 [main] DEBUG org.hibernate.type.StringType - returning 'WEB_0402003' as column: CRM_ID
2016-04-26 11:04:10,838 [main] INFO  org.springframework.test.context.TestContextManager - @TestExecutionListeners is not present for class [class com.asiainfo.boss4.webservice.OnReportTestCase]: using defaults.
2016-04-26 11:04:11,317 [main] INFO  org.springframework.beans.factory.xml.XmlBeanDefinitionReader - Loading XML bean definitions from class path resource [applicationContext-report-service.xml]
2016-04-26 11:04:11,738 [main] INFO  org.springframework.beans.factory.xml.XmlBeanDefinitionReader - Loading XML bean definitions from class path resource [test-hibernate_report.xml]
2016-04-26 11:04:11,832 [main] INFO  org.springframework.context.support.GenericApplicationContext - Refreshing org.springframework.context.support.GenericApplicationContext@1a39121: display name [org.springframework.context.support.GenericApplicationContext@1a39121]; startup date [Tue Apr 26 11:04:11 CST 2016]; root of context hierarchy
2016-04-26 11:04:11,832 [main] INFO  org.springframework.context.support.GenericApplicationContext - Bean factory for application context [org.springframework.context.support.GenericApplicationContext@1a39121]: org.springframework.beans.factory.support.DefaultListableBeanFactory@366496
2016-04-26 11:04:11,901 [main] INFO  org.springframework.beans.factory.config.PropertyPlaceholderConfigurer - Loading properties file from class path resource [test-jdbc.properties]
2016-04-26 11:04:11,979 [main] INFO  org.springframework.beans.factory.support.DefaultListableBeanFactory - Pre-instantiating singletons in org.springframework.beans.factory.support.DefaultListableBeanFactory@366496: defining beans [onReportServiceImpl,reportDispatch,reportBaseDao,service_20009,service_20002,service_20003,service_20101,service_20102,service_20103,service_20201,service_20202,service_20203,service_20204,service_20205,service_20206,service_20207,service_20208,propertyConfigurer,dataSource,sessionFactory,transactionManager,org.springframework.aop.config.internalAutoProxyCreator,org.springframework.aop.support.DefaultBeanFactoryPointcutAdvisor#0,txAdvice_report,org.springframework.context.annotation.internalPersistenceAnnotationProcessor,org.springframework.context.annotation.internalCommonAnnotationProcessor,org.springframework.context.annotation.internalAutowiredAnnotationProcessor,org.springframework.context.annotation.internalRequiredAnnotationProcessor]; root of factory hierarchy
2016-04-26 11:04:12,564 [main] INFO  org.springframework.orm.hibernate3.annotation.AnnotationSessionFactoryBean - Building new Hibernate SessionFactory
2016-04-26 11:04:22,692 [main] INFO  org.springframework.orm.hibernate3.HibernateTransactionManager - Using DataSource [com.asiainfo.boss4.dbcp.MyBasicDataSource@18f83c2] of Hibernate SessionFactory for HibernateTransactionManager
2016-04-26 11:04:23,088 [main] DEBUG org.springframework.orm.hibernate3.HibernateTransactionManager - Creating new transaction with name [testReoprt]: PROPAGATION_REQUIRED,ISOLATION_DEFAULT
2016-04-26 11:04:23,130 [main] DEBUG org.springframework.orm.hibernate3.HibernateTransactionManager - Opened new Session [org.hibernate.impl.SessionImpl@2eed62] for Hibernate transaction
2016-04-26 11:04:23,133 [main] DEBUG org.springframework.orm.hibernate3.HibernateTransactionManager - Preparing JDBC Connection of Hibernate Session [org.hibernate.impl.SessionImpl@2eed62]
2016-04-26 11:04:23,177 [main] DEBUG org.springframework.orm.hibernate3.HibernateTransactionManager - Exposing Hibernate transaction as JDBC transaction [jdbc:oracle:thin:@10.7.5.164:1521:ngtst02, UserName=ZG, Oracle JDBC driver]
2016-04-26 11:04:23,178 [main] INFO  org.springframework.test.context.transaction.TransactionalTestExecutionListener - Began transaction (1): transaction manager [org.springframework.orm.hibernate3.HibernateTransactionManager@90a682]; rollback [false]
2016-04-26 11:04:23,195 [main] INFO  com.asiainfo.report.webservice.OnReportServiceImpl - 传入XML=><?xml version="1.0" encoding="UTF-8"?>
<AccountQuery>
	<item>
		<tranCode>20203</tranCode>
		<startDate>20160422</startDate>
		<endDate>20160422</endDate>
		<operatorId>63416</operatorId>
	</item>
</AccountQuery>

2016-04-26 11:04:39,093 [main] DEBUG org.springframework.orm.hibernate3.HibernateTransactionManager - Found thread-bound Session [org.hibernate.impl.SessionImpl@2eed62] for Hibernate transaction
2016-04-26 11:04:39,093 [main] DEBUG org.springframework.orm.hibernate3.HibernateTransactionManager - Participating in existing transaction
2016-04-26 11:06:14,692 [main] DEBUG org.hibernate.type.StringType - returning 'WEB_0402003' as column: CRM_ID
2016-04-26 11:07:55,600 [main] INFO  org.springframework.test.context.TestContextManager - @TestExecutionListeners is not present for class [class com.asiainfo.boss4.webservice.OnReportTestCase]: using defaults.
2016-04-26 11:07:55,740 [main] INFO  org.springframework.beans.factory.xml.XmlBeanDefinitionReader - Loading XML bean definitions from class path resource [applicationContext-report-service.xml]
2016-04-26 11:07:56,104 [main] INFO  org.springframework.beans.factory.xml.XmlBeanDefinitionReader - Loading XML bean definitions from class path resource [test-hibernate_report.xml]
2016-04-26 11:07:56,200 [main] INFO  org.springframework.context.support.GenericApplicationContext - Refreshing org.springframework.context.support.GenericApplicationContext@156ddc0: display name [org.springframework.context.support.GenericApplicationContext@156ddc0]; startup date [Tue Apr 26 11:07:56 CST 2016]; root of context hierarchy
2016-04-26 11:07:56,200 [main] INFO  org.springframework.context.support.GenericApplicationContext - Bean factory for application context [org.springframework.context.support.GenericApplicationContext@156ddc0]: org.springframework.beans.factory.support.DefaultListableBeanFactory@a6d290
2016-04-26 11:07:56,267 [main] INFO  org.springframework.beans.factory.config.PropertyPlaceholderConfigurer - Loading properties file from class path resource [test-jdbc.properties]
2016-04-26 11:07:56,341 [main] INFO  org.springframework.beans.factory.support.DefaultListableBeanFactory - Pre-instantiating singletons in org.springframework.beans.factory.support.DefaultListableBeanFactory@a6d290: defining beans [onReportServiceImpl,reportDispatch,reportBaseDao,service_20009,service_20002,service_20003,service_20101,service_20102,service_20103,service_20201,service_20202,service_20203,service_20204,service_20205,service_20206,service_20207,service_20208,propertyConfigurer,dataSource,sessionFactory,transactionManager,org.springframework.aop.config.internalAutoProxyCreator,org.springframework.aop.support.DefaultBeanFactoryPointcutAdvisor#0,txAdvice_report,org.springframework.context.annotation.internalPersistenceAnnotationProcessor,org.springframework.context.annotation.internalCommonAnnotationProcessor,org.springframework.context.annotation.internalAutowiredAnnotationProcessor,org.springframework.context.annotation.internalRequiredAnnotationProcessor]; root of factory hierarchy
2016-04-26 11:07:56,898 [main] INFO  org.springframework.orm.hibernate3.annotation.AnnotationSessionFactoryBean - Building new Hibernate SessionFactory
2016-04-26 11:07:59,438 [main] INFO  org.springframework.orm.hibernate3.HibernateTransactionManager - Using DataSource [com.asiainfo.boss4.dbcp.MyBasicDataSource@a25926] of Hibernate SessionFactory for HibernateTransactionManager
2016-04-26 11:07:59,793 [main] DEBUG org.springframework.orm.hibernate3.HibernateTransactionManager - Creating new transaction with name [testReoprt]: PROPAGATION_REQUIRED,ISOLATION_DEFAULT
2016-04-26 11:07:59,833 [main] DEBUG org.springframework.orm.hibernate3.HibernateTransactionManager - Opened new Session [org.hibernate.impl.SessionImpl@1badcaa] for Hibernate transaction
2016-04-26 11:07:59,836 [main] DEBUG org.springframework.orm.hibernate3.HibernateTransactionManager - Preparing JDBC Connection of Hibernate Session [org.hibernate.impl.SessionImpl@1badcaa]
2016-04-26 11:07:59,862 [main] DEBUG org.springframework.orm.hibernate3.HibernateTransactionManager - Exposing Hibernate transaction as JDBC transaction [jdbc:oracle:thin:@10.7.5.164:1521:ngtst02, UserName=ZG, Oracle JDBC driver]
2016-04-26 11:07:59,863 [main] INFO  org.springframework.test.context.transaction.TransactionalTestExecutionListener - Began transaction (1): transaction manager [org.springframework.orm.hibernate3.HibernateTransactionManager@1bac2a7]; rollback [false]
2016-04-26 11:07:59,891 [main] INFO  com.asiainfo.report.webservice.OnReportServiceImpl - 传入XML=><?xml version="1.0" encoding="UTF-8"?>
<AccountQuery>
	<item>
		<tranCode>20203</tranCode>
		<startDate>20160424</startDate>
		<endDate>20160424</endDate>
		<operatorId>63416</operatorId>
	</item>
</AccountQuery>

2016-04-26 11:08:01,047 [main] DEBUG org.springframework.orm.hibernate3.HibernateTransactionManager - Found thread-bound Session [org.hibernate.impl.SessionImpl@1badcaa] for Hibernate transaction
2016-04-26 11:08:01,048 [main] DEBUG org.springframework.orm.hibernate3.HibernateTransactionManager - Participating in existing transaction
2016-04-26 11:08:02,837 [main] DEBUG org.hibernate.type.StringType - returning 'WEB_0402003' as column: CRM_ID
2016-04-26 11:09:55,459 [main] INFO  org.springframework.test.context.TestContextManager - @TestExecutionListeners is not present for class [class com.asiainfo.boss4.webservice.OnReportTestCase]: using defaults.
2016-04-26 11:09:55,610 [main] INFO  org.springframework.beans.factory.xml.XmlBeanDefinitionReader - Loading XML bean definitions from class path resource [applicationContext-report-service.xml]
2016-04-26 11:09:55,994 [main] INFO  org.springframework.beans.factory.xml.XmlBeanDefinitionReader - Loading XML bean definitions from class path resource [test-hibernate_report.xml]
2016-04-26 11:09:56,095 [main] INFO  org.springframework.context.support.GenericApplicationContext - Refreshing org.springframework.context.support.GenericApplicationContext@1c511cb: display name [org.springframework.context.support.GenericApplicationContext@1c511cb]; startup date [Tue Apr 26 11:09:56 CST 2016]; root of context hierarchy
2016-04-26 11:09:56,095 [main] INFO  org.springframework.context.support.GenericApplicationContext - Bean factory for application context [org.springframework.context.support.GenericApplicationContext@1c511cb]: org.springframework.beans.factory.support.DefaultListableBeanFactory@c78e9b
2016-04-26 11:09:56,171 [main] INFO  org.springframework.beans.factory.config.PropertyPlaceholderConfigurer - Loading properties file from class path resource [test-jdbc.properties]
2016-04-26 11:09:56,253 [main] INFO  org.springframework.beans.factory.support.DefaultListableBeanFactory - Pre-instantiating singletons in org.springframework.beans.factory.support.DefaultListableBeanFactory@c78e9b: defining beans [onReportServiceImpl,reportDispatch,reportBaseDao,service_20009,service_20002,service_20003,service_20101,service_20102,service_20103,service_20201,service_20202,service_20203,service_20204,service_20205,service_20206,service_20207,service_20208,propertyConfigurer,dataSource,sessionFactory,transactionManager,org.springframework.aop.config.internalAutoProxyCreator,org.springframework.aop.support.DefaultBeanFactoryPointcutAdvisor#0,txAdvice_report,org.springframework.context.annotation.internalPersistenceAnnotationProcessor,org.springframework.context.annotation.internalCommonAnnotationProcessor,org.springframework.context.annotation.internalAutowiredAnnotationProcessor,org.springframework.context.annotation.internalRequiredAnnotationProcessor]; root of factory hierarchy
2016-04-26 11:09:56,901 [main] INFO  org.springframework.orm.hibernate3.annotation.AnnotationSessionFactoryBean - Building new Hibernate SessionFactory
2016-04-26 11:09:59,483 [main] INFO  org.springframework.orm.hibernate3.HibernateTransactionManager - Using DataSource [com.asiainfo.boss4.dbcp.MyBasicDataSource@1fb5b8d] of Hibernate SessionFactory for HibernateTransactionManager
2016-04-26 11:09:59,886 [main] DEBUG org.springframework.orm.hibernate3.HibernateTransactionManager - Creating new transaction with name [testReoprt]: PROPAGATION_REQUIRED,ISOLATION_DEFAULT
2016-04-26 11:09:59,928 [main] DEBUG org.springframework.orm.hibernate3.HibernateTransactionManager - Opened new Session [org.hibernate.impl.SessionImpl@f216da] for Hibernate transaction
2016-04-26 11:09:59,933 [main] DEBUG org.springframework.orm.hibernate3.HibernateTransactionManager - Preparing JDBC Connection of Hibernate Session [org.hibernate.impl.SessionImpl@f216da]
2016-04-26 11:09:59,970 [main] DEBUG org.springframework.orm.hibernate3.HibernateTransactionManager - Exposing Hibernate transaction as JDBC transaction [jdbc:oracle:thin:@10.7.5.164:1521:ngtst02, UserName=ZG, Oracle JDBC driver]
2016-04-26 11:09:59,976 [main] INFO  org.springframework.test.context.transaction.TransactionalTestExecutionListener - Began transaction (1): transaction manager [org.springframework.orm.hibernate3.HibernateTransactionManager@1930b22]; rollback [false]
2016-04-26 11:09:59,999 [main] INFO  com.asiainfo.report.webservice.OnReportServiceImpl - 传入XML=><?xml version="1.0" encoding="UTF-8"?>
<AccountQuery>
	<item>
		<tranCode>20203</tranCode>
		<startDate>20160424</startDate>
		<endDate>20160424</endDate>
		<operatorId>61319</operatorId>
	</item>
</AccountQuery>

2016-04-26 11:10:00,954 [main] DEBUG org.springframework.orm.hibernate3.HibernateTransactionManager - Found thread-bound Session [org.hibernate.impl.SessionImpl@f216da] for Hibernate transaction
2016-04-26 11:10:00,954 [main] DEBUG org.springframework.orm.hibernate3.HibernateTransactionManager - Participating in existing transaction
2016-04-26 11:10:02,663 [main] DEBUG org.hibernate.type.StringType - returning 'C26519' as column: CRM_ID
2016-04-26 11:10:18,810 [main] DEBUG org.hibernate.type.IntegerType - binding '61319' to parameter: 1
2016-04-26 11:10:18,811 [main] DEBUG org.hibernate.type.StringType - binding '20160424' to parameter: 2
2016-04-26 11:10:18,811 [main] DEBUG org.hibernate.type.StringType - binding '20160424' to parameter: 3
2016-04-26 11:10:18,874 [main] DEBUG org.hibernate.type.StringType - returning '02002' as column: BILL_GRP_ID
2016-04-26 11:10:18,874 [main] DEBUG org.hibernate.type.StringType - returning '上月零数' as column: BILL_GRP_NAME
2016-04-26 11:10:18,877 [main] DEBUG org.hibernate.type.BigDecimalType - returning '1' as column: SUM(T.RECEIVABLE_CNT)
2016-04-26 11:10:18,878 [main] DEBUG org.hibernate.type.BigDecimalType - returning '43' as column: SUM(T.RECEIVABLE_AMT)
2016-04-26 11:10:18,878 [main] DEBUG org.hibernate.type.BigDecimalType - returning '1' as column: SUM(T.REAL_INCOME_CNT)
2016-04-26 11:10:18,878 [main] DEBUG org.hibernate.type.BigDecimalType - returning '43' as column: SUM(T.REAL_INCOME_AMT)
2016-04-26 11:10:18,879 [main] DEBUG org.hibernate.type.StringType - returning '02003' as column: BILL_GRP_ID
2016-04-26 11:10:18,879 [main] DEBUG org.hibernate.type.StringType - returning '转下次' as column: BILL_GRP_NAME
2016-04-26 11:10:18,879 [main] DEBUG org.hibernate.type.BigDecimalType - returning '2' as column: SUM(T.RECEIVABLE_CNT)
2016-04-26 11:10:18,879 [main] DEBUG org.hibernate.type.BigDecimalType - returning '-165' as column: SUM(T.RECEIVABLE_AMT)
2016-04-26 11:10:18,879 [main] DEBUG org.hibernate.type.BigDecimalType - returning '2' as column: SUM(T.REAL_INCOME_CNT)
2016-04-26 11:10:18,879 [main] DEBUG org.hibernate.type.BigDecimalType - returning '-165' as column: SUM(T.REAL_INCOME_AMT)
2016-04-26 11:10:18,880 [main] DEBUG org.hibernate.type.StringType - returning '02005' as column: BILL_GRP_ID
2016-04-26 11:10:18,880 [main] DEBUG org.hibernate.type.StringType - returning '增值服务费' as column: BILL_GRP_NAME
2016-04-26 11:10:18,880 [main] DEBUG org.hibernate.type.BigDecimalType - returning '2' as column: SUM(T.RECEIVABLE_CNT)
2016-04-26 11:10:18,880 [main] DEBUG org.hibernate.type.BigDecimalType - returning '54887' as column: SUM(T.RECEIVABLE_AMT)
2016-04-26 11:10:18,880 [main] DEBUG org.hibernate.type.BigDecimalType - returning '2' as column: SUM(T.REAL_INCOME_CNT)
2016-04-26 11:10:18,880 [main] DEBUG org.hibernate.type.BigDecimalType - returning '54887' as column: SUM(T.REAL_INCOME_AMT)
2016-04-26 11:10:18,880 [main] DEBUG org.hibernate.type.StringType - returning '02006' as column: BILL_GRP_ID
2016-04-26 11:10:18,881 [main] DEBUG org.hibernate.type.StringType - returning '月租费' as column: BILL_GRP_NAME
2016-04-26 11:10:18,881 [main] DEBUG org.hibernate.type.BigDecimalType - returning '2' as column: SUM(T.RECEIVABLE_CNT)
2016-04-26 11:10:18,881 [main] DEBUG org.hibernate.type.BigDecimalType - returning '14700' as column: SUM(T.RECEIVABLE_AMT)
2016-04-26 11:10:18,881 [main] DEBUG org.hibernate.type.BigDecimalType - returning '2' as column: SUM(T.REAL_INCOME_CNT)
2016-04-26 11:10:18,881 [main] DEBUG org.hibernate.type.BigDecimalType - returning '14700' as column: SUM(T.REAL_INCOME_AMT)
2016-04-26 11:10:18,881 [main] DEBUG org.hibernate.type.StringType - returning '02007' as column: BILL_GRP_ID
2016-04-26 11:10:18,881 [main] DEBUG org.hibernate.type.StringType - returning '通话费' as column: BILL_GRP_NAME
2016-04-26 11:10:18,882 [main] DEBUG org.hibernate.type.BigDecimalType - returning '1' as column: SUM(T.RECEIVABLE_CNT)
2016-04-26 11:10:18,882 [main] DEBUG org.hibernate.type.BigDecimalType - returning '36039' as column: SUM(T.RECEIVABLE_AMT)
2016-04-26 11:10:18,882 [main] DEBUG org.hibernate.type.BigDecimalType - returning '1' as column: SUM(T.REAL_INCOME_CNT)
2016-04-26 11:10:18,882 [main] DEBUG org.hibernate.type.BigDecimalType - returning '36039' as column: SUM(T.REAL_INCOME_AMT)
2016-04-26 11:10:18,882 [main] DEBUG org.hibernate.type.StringType - returning '02009' as column: BILL_GRP_ID
2016-04-26 11:10:18,882 [main] DEBUG org.hibernate.type.StringType - returning '优惠' as column: BILL_GRP_NAME
2016-04-26 11:10:18,883 [main] DEBUG org.hibernate.type.BigDecimalType - returning '1' as column: SUM(T.RECEIVABLE_CNT)
2016-04-26 11:10:18,883 [main] DEBUG org.hibernate.type.BigDecimalType - returning '-1000' as column: SUM(T.RECEIVABLE_AMT)
2016-04-26 11:10:18,883 [main] DEBUG org.hibernate.type.BigDecimalType - returning '1' as column: SUM(T.REAL_INCOME_CNT)
2016-04-26 11:10:18,883 [main] DEBUG org.hibernate.type.BigDecimalType - returning '-1000' as column: SUM(T.REAL_INCOME_AMT)
2016-04-26 11:10:18,883 [main] DEBUG org.hibernate.type.StringType - returning '02010' as column: BILL_GRP_ID
2016-04-26 11:10:18,883 [main] DEBUG org.hibernate.type.StringType - returning '当月冲抵' as column: BILL_GRP_NAME
2016-04-26 11:10:18,888 [main] DEBUG org.hibernate.type.BigDecimalType - returning '1' as column: SUM(T.RECEIVABLE_CNT)
2016-04-26 11:10:18,888 [main] DEBUG org.hibernate.type.BigDecimalType - returning '-6904' as column: SUM(T.RECEIVABLE_AMT)
2016-04-26 11:10:18,888 [main] DEBUG org.hibernate.type.BigDecimalType - returning '1' as column: SUM(T.REAL_INCOME_CNT)
2016-04-26 11:10:18,889 [main] DEBUG org.hibernate.type.BigDecimalType - returning '-6904' as column: SUM(T.REAL_INCOME_AMT)
2016-04-26 11:10:20,855 [main] INFO  com.asiainfo.report.webservice.OnReportServiceImpl - 响应XML=> <?xml version="1.0" encoding="UTF-8"?>
<AccountReply>
<item>
<eaiOrderId></eaiOrderId>
<eaiTradeId></eaiTradeId>
<eaiOperator></eaiOperator>
<eaiPassword></eaiPassword>
<returnCode>0</returnCode>
<codeDesc></codeDesc>
<dailyStatisticHall>
<subjectGroupNo>02002</subjectGroupNo>
<subjectGroupName>上月零数</subjectGroupName>
<shouldreceiveCount>1</shouldreceiveCount>
<shouldreceiveAmount>43</shouldreceiveAmount>
<receivedCount>1</receivedCount>
<receivedAmount>43</receivedAmount>
</dailyStatisticHall>
<dailyStatisticHall>
<subjectGroupNo>02003</subjectGroupNo>
<subjectGroupName>转下次</subjectGroupName>
<shouldreceiveCount>2</shouldreceiveCount>
<shouldreceiveAmount>-165</shouldreceiveAmount>
<receivedCount>2</receivedCount>
<receivedAmount>-165</receivedAmount>
</dailyStatisticHall>
<dailyStatisticHall>
<subjectGroupNo>02005</subjectGroupNo>
<subjectGroupName>增值服务费</subjectGroupName>
<shouldreceiveCount>2</shouldreceiveCount>
<shouldreceiveAmount>54887</shouldreceiveAmount>
<receivedCount>2</receivedCount>
<receivedAmount>54887</receivedAmount>
</dailyStatisticHall>
<dailyStatisticHall>
<subjectGroupNo>02006</subjectGroupNo>
<subjectGroupName>月租费</subjectGroupName>
<shouldreceiveCount>2</shouldreceiveCount>
<shouldreceiveAmount>14700</shouldreceiveAmount>
<receivedCount>2</receivedCount>
<receivedAmount>14700</receivedAmount>
</dailyStatisticHall>
<dailyStatisticHall>
<subjectGroupNo>02007</subjectGroupNo>
<subjectGroupName>通话费</subjectGroupName>
<shouldreceiveCount>1</shouldreceiveCount>
<shouldreceiveAmount>36039</shouldreceiveAmount>
<receivedCount>1</receivedCount>
<receivedAmount>36039</receivedAmount>
</dailyStatisticHall>
<dailyStatisticHall>
<subjectGroupNo>02009</subjectGroupNo>
<subjectGroupName>优惠</subjectGroupName>
<shouldreceiveCount>1</shouldreceiveCount>
<shouldreceiveAmount>-1000</shouldreceiveAmount>
<receivedCount>1</receivedCount>
<receivedAmount>-1000</receivedAmount>
</dailyStatisticHall>
<dailyStatisticHall>
<subjectGroupNo>02010</subjectGroupNo>
<subjectGroupName>当月冲抵</subjectGroupName>
<shouldreceiveCount>1</shouldreceiveCount>
<shouldreceiveAmount>-6904</shouldreceiveAmount>
<receivedCount>1</receivedCount>
<receivedAmount>-6904</receivedAmount>
</dailyStatisticHall>
<dailyStatisticHall>
<subjectGroupNo>TOTAL</subjectGroupNo>
<subjectGroupName>合计项</subjectGroupName>
<shouldreceiveCount>10</shouldreceiveCount>
<shouldreceiveAmount>97600</shouldreceiveAmount>
<receivedCount>10</receivedCount>
<receivedAmount>97600</receivedAmount>
</dailyStatisticHall>
</item>
</AccountReply>

2016-04-26 11:10:20,856 [main] INFO  com.asiainfo.report.webservice.OnReportServiceImpl - WebService请求处理完成
